<?xml version="1.0" encoding="UTF-8"?>
<testng-results skipped="0" failed="0" ignored="0" total="1" passed="1">
  <reporter-output>
  </reporter-output>
  <suite name="Default suite" duration-ms="4436" started-at="2022-07-24T12:11:49 CDT" finished-at="2022-07-24T12:11:54 CDT">
    <groups>
    </groups>
    <test name="Default test" duration-ms="4436" started-at="2022-07-24T12:11:49 CDT" finished-at="2022-07-24T12:11:54 CDT">
      <class name="test.LoginTest">
        <test-method status="PASS" signature="validUserShouldBeAbleLogin()[pri:0, instance:test.LoginTest@3d6f0054]" name="validUserShouldBeAbleLogin" duration-ms="4407" started-at="2022-07-24T12:11:49 CDT" finished-at="2022-07-24T12:11:54 CDT">
          <reporter-output>
          </reporter-output>
        </test-method> <!-- validUserShouldBeAbleLogin -->
      </class> <!-- test.LoginTest -->
    </test> <!-- Default test -->
  </suite> <!-- Default suite -->
</testng-results>
